<?xml version="1.0" encoding="UTF-8"?>
<!-- Generated by org.testng.reporters.JUnitXMLReporter -->
<testsuite ignored="0" hostname="SeenaReddy" failures="0" tests="3" name="MyTestResults" time="40.575" errors="0" timestamp="2025-05-05T19:51:31 MDT">
  <testcase classname="com.testngDemo.NavigationalMethodsDemo" name="f" time="13.82"/>
  <testcase classname="com.testngDemo.DemoClass" name="f" time="15.55"/>
  <testcase classname="com.testngDemo.AlertDemo" name="f" time="11.148"/>
</testsuite> <!-- MyTestResults -->
