<?xml version="1.0" encoding="UTF-8"?>
<testng-results ignored="0" total="1" passed="1" failed="0" skipped="0">
  <reporter-output>
  </reporter-output>
  <suite started-at="2025-06-06T20:05:54 MDT" name="Default suite" finished-at="2025-06-06T20:06:09 MDT" duration-ms="15668">
    <groups>
    </groups>
    <test started-at="2025-06-06T20:05:54 MDT" name="Default test" finished-at="2025-06-06T20:06:09 MDT" duration-ms="15668">
      <class name="com.testngDemo.AlertDemo">
        <test-method signature="f()[pri:0, instance:com.testngDemo.AlertDemo@2f4948e4]" started-at="2025-06-06T20:05:54 MDT" name="f" finished-at="2025-06-06T20:06:09 MDT" duration-ms="15488" status="PASS">
          <reporter-output>
          </reporter-output>
        </test-method> <!-- f -->
      </class> <!-- com.testngDemo.AlertDemo -->
    </test> <!-- Default test -->
  </suite> <!-- Default suite -->
</testng-results>
