<?xml version="1.0" encoding="UTF-8"?>
<!-- Generated by org.testng.reporters.JUnitReportReporter -->
<testsuite hostname="SeenaReddy" failures="0" tests="3" name="com.testngDemo.BlazeDemo" time="30.439" errors="0" timestamp="2025-05-08T19:56:22 MDT" skipped="0">
  <testcase classname="com.testngDemo.BlazeDemo" name="f" time="11.799"/>
  <testcase classname="com.testngDemo.BlazeDemo" name="f" time="10.577"/>
  <testcase classname="com.testngDemo.BlazeDemo" name="f" time="8.063"/>
</testsuite> <!-- com.testngDemo.BlazeDemo -->
