<?xml version="1.0" encoding="UTF-8"?>
<!-- Generated by org.testng.reporters.JUnitReportReporter -->
<testsuite hostname="SeenaReddy" failures="0" tests="3" name="com.testngDemo.AnnotationsDemo_1" time="0.018" errors="0" timestamp="2025-05-08T19:10:50 MDT" skipped="1">
  <testcase classname="com.testngDemo.AnnotationsDemo_1" name="b" time="0.016"/>
  <testcase classname="com.testngDemo.AnnotationsDemo_1" name="f" time="0.002"/>
  <testcase classname="com.testngDemo.AnnotationsDemo_1" name="tc_03">
    <skipped/>
  </testcase> <!-- tc_03 -->
</testsuite> <!-- com.testngDemo.AnnotationsDemo_1 -->
